CRITICAL - 2025-07-20 20:06:02 --> TypeError: App\Libraries\GroceryCrud::columns(): Argument #1 ($columns) must be of type array, string given, called in C:\xampp\htdocs\ci4\spj\app\Controllers\Setting.php on line 214
[Method: GET, Route: setting/user/success/16]
in APPPATH\Libraries\GroceryCrud.php on line 3322.
 1 APPPATH\Controllers\Setting.php(214): App\Libraries\GroceryCrud->columns('id_kecamatan', [...])
 2 SYSTEMPATH\CodeIgniter.php(933): App\Controllers\Setting->user('success', '16')
 3 SYSTEMPATH\CodeIgniter.php(507): CodeIgniter\CodeIgniter->runController(Object(App\Controllers\Setting))
 4 SYSTEMPATH\CodeIgniter.php(354): CodeIgniter\CodeIgniter->handleRequest(null, Object(Config\Cache), false)
 5 SYSTEMPATH\Boot.php(334): CodeIgniter\CodeIgniter->run()
 6 SYSTEMPATH\Boot.php(67): CodeIgniter\Boot::runCodeIgniter(Object(CodeIgniter\CodeIgniter))
 7 FCPATH\index.php(59): CodeIgniter\Boot::bootWeb(Object(Config\Paths))
 8 SYSTEMPATH\rewrite.php(44): require_once('C:\\xampp\\htdocs\\ci4\\spj\\public\\index.php')
ERROR - 2025-07-20 20:21:37 --> mysqli_sql_exception: Unknown column 't_kuitansi.id_kecamatan' in 'where clause' in C:\xampp\htdocs\ci4\spj\vendor\codeigniter4\framework\system\Database\MySQLi\Connection.php:327
Stack trace:
#0 C:\xampp\htdocs\ci4\spj\vendor\codeigniter4\framework\system\Database\MySQLi\Connection.php(327): mysqli->query('SELECT `t_pembu...', 0)
#1 C:\xampp\htdocs\ci4\spj\vendor\codeigniter4\framework\system\Database\BaseConnection.php(738): CodeIgniter\Database\MySQLi\Connection->execute('SELECT `t_pembu...')
#2 C:\xampp\htdocs\ci4\spj\vendor\codeigniter4\framework\system\Database\BaseConnection.php(652): CodeIgniter\Database\BaseConnection->simpleQuery('SELECT `t_pembu...')
#3 C:\xampp\htdocs\ci4\spj\vendor\codeigniter4\framework\system\Database\BaseBuilder.php(1649): CodeIgniter\Database\BaseConnection->query('SELECT `t_pembu...', Array, false)
#4 C:\xampp\htdocs\ci4\spj\app\Models\GroceryCrudModel.php(89): CodeIgniter\Database\BaseBuilder->get()
#5 C:\xampp\htdocs\ci4\spj\app\Libraries\GroceryCrud.php(1228): App\Models\GroceryCrudModel->get_list()
#6 C:\xampp\htdocs\ci4\spj\app\Libraries\GroceryCrud.php(1345): App\Libraries\grocery_CRUD_Model_Driver->get_list()
#7 C:\xampp\htdocs\ci4\spj\app\Libraries\GroceryCrud.php(4304): App\Libraries\grocery_CRUD_Layout->showList(false, Object(stdClass))
#8 C:\xampp\htdocs\ci4\spj\app\Controllers\Pelaporan.php(98): App\Libraries\GroceryCrud->render()
#9 C:\xampp\htdocs\ci4\spj\vendor\codeigniter4\framework\system\CodeIgniter.php(933): App\Controllers\Pelaporan->data()
#10 C:\xampp\htdocs\ci4\spj\vendor\codeigniter4\framework\system\CodeIgniter.php(507): CodeIgniter\CodeIgniter->runController(Object(App\Controllers\Pelaporan))
#11 C:\xampp\htdocs\ci4\spj\vendor\codeigniter4\framework\system\CodeIgniter.php(354): CodeIgniter\CodeIgniter->handleRequest(NULL, Object(Config\Cache), false)
#12 C:\xampp\htdocs\ci4\spj\vendor\codeigniter4\framework\system\Boot.php(334): CodeIgniter\CodeIgniter->run()
#13 C:\xampp\htdocs\ci4\spj\vendor\codeigniter4\framework\system\Boot.php(67): CodeIgniter\Boot::runCodeIgniter(Object(CodeIgniter\CodeIgniter))
#14 C:\xampp\htdocs\ci4\spj\public\index.php(59): CodeIgniter\Boot::bootWeb(Object(Config\Paths))
#15 C:\xampp\htdocs\ci4\spj\vendor\codeigniter4\framework\system\rewrite.php(44): require_once('C:\\xampp\\htdocs...')
#16 {main}
CRITICAL - 2025-07-20 20:21:37 --> CodeIgniter\Database\Exceptions\DatabaseException: Unknown column 't_kuitansi.id_kecamatan' in 'where clause'
[Method: GET, Route: pelaporan/data]
in SYSTEMPATH\Database\BaseConnection.php on line 692.
 1 SYSTEMPATH\Database\BaseBuilder.php(1649): CodeIgniter\Database\BaseConnection->query('SELECT `t_pembukuan`.*, CONCAT(\'\',COALESCE(jdb23e2ab.keterangan, \'\'),\'\') as sdb23e2ab
FROM `t_pembukuan`
LEFT JOIN `t_kuitansi` as `jdb23e2ab` ON `jdb23e2ab`.`id_kuitansi` = `t_pembukuan`.`id_kuitansi`
WHERE `t_kuitansi`.`id_kecamatan` = :t_kuitansi.id_kecamatan:
 LIMIT 10', [...], false)
 2 APPPATH\Models\GroceryCrudModel.php(89): CodeIgniter\Database\BaseBuilder->get()
 3 APPPATH\Libraries\GroceryCrud.php(1228): App\Models\GroceryCrudModel->get_list()
 4 APPPATH\Libraries\GroceryCrud.php(1345): App\Libraries\grocery_CRUD_Model_Driver->get_list()
 5 APPPATH\Libraries\GroceryCrud.php(4304): App\Libraries\grocery_CRUD_Layout->showList(false, Object(stdClass))
 6 APPPATH\Controllers\Pelaporan.php(98): App\Libraries\GroceryCrud->render()
 7 SYSTEMPATH\CodeIgniter.php(933): App\Controllers\Pelaporan->data()
 8 SYSTEMPATH\CodeIgniter.php(507): CodeIgniter\CodeIgniter->runController(Object(App\Controllers\Pelaporan))
 9 SYSTEMPATH\CodeIgniter.php(354): CodeIgniter\CodeIgniter->handleRequest(null, Object(Config\Cache), false)
10 SYSTEMPATH\Boot.php(334): CodeIgniter\CodeIgniter->run()
11 SYSTEMPATH\Boot.php(67): CodeIgniter\Boot::runCodeIgniter(Object(CodeIgniter\CodeIgniter))
12 FCPATH\index.php(59): CodeIgniter\Boot::bootWeb(Object(Config\Paths))
13 SYSTEMPATH\rewrite.php(44): require_once('C:\\xampp\\htdocs\\ci4\\spj\\public\\index.php')
CRITICAL - 2025-07-20 20:21:37 --> [Caused by] CodeIgniter\Database\Exceptions\DatabaseException: Unknown column 't_kuitansi.id_kecamatan' in 'where clause'
in SYSTEMPATH\Database\MySQLi\Connection.php on line 332.
 1 SYSTEMPATH\Database\BaseConnection.php(738): CodeIgniter\Database\MySQLi\Connection->execute('SELECT `t_pembukuan`.*, CONCAT(\'\',COALESCE(jdb23e2ab.keterangan, \'\'),\'\') as sdb23e2ab
FROM `t_pembukuan`
LEFT JOIN `t_kuitansi` as `jdb23e2ab` ON `jdb23e2ab`.`id_kuitansi` = `t_pembukuan`.`id_kuitansi`
WHERE `t_kuitansi`.`id_kecamatan` = \'2\'
 LIMIT 10')
 2 SYSTEMPATH\Database\BaseConnection.php(652): CodeIgniter\Database\BaseConnection->simpleQuery('SELECT `t_pembukuan`.*, CONCAT(\'\',COALESCE(jdb23e2ab.keterangan, \'\'),\'\') as sdb23e2ab
FROM `t_pembukuan`
LEFT JOIN `t_kuitansi` as `jdb23e2ab` ON `jdb23e2ab`.`id_kuitansi` = `t_pembukuan`.`id_kuitansi`
WHERE `t_kuitansi`.`id_kecamatan` = \'2\'
 LIMIT 10')
 3 SYSTEMPATH\Database\BaseBuilder.php(1649): CodeIgniter\Database\BaseConnection->query('SELECT `t_pembukuan`.*, CONCAT(\'\',COALESCE(jdb23e2ab.keterangan, \'\'),\'\') as sdb23e2ab
FROM `t_pembukuan`
LEFT JOIN `t_kuitansi` as `jdb23e2ab` ON `jdb23e2ab`.`id_kuitansi` = `t_pembukuan`.`id_kuitansi`
WHERE `t_kuitansi`.`id_kecamatan` = :t_kuitansi.id_kecamatan:
 LIMIT 10', [...], false)
 4 APPPATH\Models\GroceryCrudModel.php(89): CodeIgniter\Database\BaseBuilder->get()
 5 APPPATH\Libraries\GroceryCrud.php(1228): App\Models\GroceryCrudModel->get_list()
 6 APPPATH\Libraries\GroceryCrud.php(1345): App\Libraries\grocery_CRUD_Model_Driver->get_list()
 7 APPPATH\Libraries\GroceryCrud.php(4304): App\Libraries\grocery_CRUD_Layout->showList(false, Object(stdClass))
 8 APPPATH\Controllers\Pelaporan.php(98): App\Libraries\GroceryCrud->render()
 9 SYSTEMPATH\CodeIgniter.php(933): App\Controllers\Pelaporan->data()
10 SYSTEMPATH\CodeIgniter.php(507): CodeIgniter\CodeIgniter->runController(Object(App\Controllers\Pelaporan))
11 SYSTEMPATH\CodeIgniter.php(354): CodeIgniter\CodeIgniter->handleRequest(null, Object(Config\Cache), false)
12 SYSTEMPATH\Boot.php(334): CodeIgniter\CodeIgniter->run()
13 SYSTEMPATH\Boot.php(67): CodeIgniter\Boot::runCodeIgniter(Object(CodeIgniter\CodeIgniter))
14 FCPATH\index.php(59): CodeIgniter\Boot::bootWeb(Object(Config\Paths))
15 SYSTEMPATH\rewrite.php(44): require_once('C:\\xampp\\htdocs\\ci4\\spj\\public\\index.php')
CRITICAL - 2025-07-20 20:21:37 --> [Caused by] mysqli_sql_exception: Unknown column 't_kuitansi.id_kecamatan' in 'where clause'
in SYSTEMPATH\Database\MySQLi\Connection.php on line 327.
 1 SYSTEMPATH\Database\MySQLi\Connection.php(327): mysqli->query('SELECT `t_pembukuan`.*, CONCAT(\'\',COALESCE(jdb23e2ab.keterangan, \'\'),\'\') as sdb23e2ab
FROM `t_pembukuan`
LEFT JOIN `t_kuitansi` as `jdb23e2ab` ON `jdb23e2ab`.`id_kuitansi` = `t_pembukuan`.`id_kuitansi`
WHERE `t_kuitansi`.`id_kecamatan` = \'2\'
 LIMIT 10', 0)
 2 SYSTEMPATH\Database\BaseConnection.php(738): CodeIgniter\Database\MySQLi\Connection->execute('SELECT `t_pembukuan`.*, CONCAT(\'\',COALESCE(jdb23e2ab.keterangan, \'\'),\'\') as sdb23e2ab
FROM `t_pembukuan`
LEFT JOIN `t_kuitansi` as `jdb23e2ab` ON `jdb23e2ab`.`id_kuitansi` = `t_pembukuan`.`id_kuitansi`
WHERE `t_kuitansi`.`id_kecamatan` = \'2\'
 LIMIT 10')
 3 SYSTEMPATH\Database\BaseConnection.php(652): CodeIgniter\Database\BaseConnection->simpleQuery('SELECT `t_pembukuan`.*, CONCAT(\'\',COALESCE(jdb23e2ab.keterangan, \'\'),\'\') as sdb23e2ab
FROM `t_pembukuan`
LEFT JOIN `t_kuitansi` as `jdb23e2ab` ON `jdb23e2ab`.`id_kuitansi` = `t_pembukuan`.`id_kuitansi`
WHERE `t_kuitansi`.`id_kecamatan` = \'2\'
 LIMIT 10')
 4 SYSTEMPATH\Database\BaseBuilder.php(1649): CodeIgniter\Database\BaseConnection->query('SELECT `t_pembukuan`.*, CONCAT(\'\',COALESCE(jdb23e2ab.keterangan, \'\'),\'\') as sdb23e2ab
FROM `t_pembukuan`
LEFT JOIN `t_kuitansi` as `jdb23e2ab` ON `jdb23e2ab`.`id_kuitansi` = `t_pembukuan`.`id_kuitansi`
WHERE `t_kuitansi`.`id_kecamatan` = :t_kuitansi.id_kecamatan:
 LIMIT 10', [...], false)
 5 APPPATH\Models\GroceryCrudModel.php(89): CodeIgniter\Database\BaseBuilder->get()
 6 APPPATH\Libraries\GroceryCrud.php(1228): App\Models\GroceryCrudModel->get_list()
 7 APPPATH\Libraries\GroceryCrud.php(1345): App\Libraries\grocery_CRUD_Model_Driver->get_list()
 8 APPPATH\Libraries\GroceryCrud.php(4304): App\Libraries\grocery_CRUD_Layout->showList(false, Object(stdClass))
 9 APPPATH\Controllers\Pelaporan.php(98): App\Libraries\GroceryCrud->render()
10 SYSTEMPATH\CodeIgniter.php(933): App\Controllers\Pelaporan->data()
11 SYSTEMPATH\CodeIgniter.php(507): CodeIgniter\CodeIgniter->runController(Object(App\Controllers\Pelaporan))
12 SYSTEMPATH\CodeIgniter.php(354): CodeIgniter\CodeIgniter->handleRequest(null, Object(Config\Cache), false)
13 SYSTEMPATH\Boot.php(334): CodeIgniter\CodeIgniter->run()
14 SYSTEMPATH\Boot.php(67): CodeIgniter\Boot::runCodeIgniter(Object(CodeIgniter\CodeIgniter))
15 FCPATH\index.php(59): CodeIgniter\Boot::bootWeb(Object(Config\Paths))
16 SYSTEMPATH\rewrite.php(44): require_once('C:\\xampp\\htdocs\\ci4\\spj\\public\\index.php')
ERROR - 2025-07-20 20:22:04 --> mysqli_sql_exception: Column 'id_kecamatan' in where clause is ambiguous in C:\xampp\htdocs\ci4\spj\vendor\codeigniter4\framework\system\Database\MySQLi\Connection.php:327
Stack trace:
#0 C:\xampp\htdocs\ci4\spj\vendor\codeigniter4\framework\system\Database\MySQLi\Connection.php(327): mysqli->query('SELECT `t_pembu...', 0)
#1 C:\xampp\htdocs\ci4\spj\vendor\codeigniter4\framework\system\Database\BaseConnection.php(738): CodeIgniter\Database\MySQLi\Connection->execute('SELECT `t_pembu...')
#2 C:\xampp\htdocs\ci4\spj\vendor\codeigniter4\framework\system\Database\BaseConnection.php(652): CodeIgniter\Database\BaseConnection->simpleQuery('SELECT `t_pembu...')
#3 C:\xampp\htdocs\ci4\spj\vendor\codeigniter4\framework\system\Database\BaseBuilder.php(1649): CodeIgniter\Database\BaseConnection->query('SELECT `t_pembu...', Array, false)
#4 C:\xampp\htdocs\ci4\spj\app\Models\GroceryCrudModel.php(89): CodeIgniter\Database\BaseBuilder->get()
#5 C:\xampp\htdocs\ci4\spj\app\Libraries\GroceryCrud.php(1228): App\Models\GroceryCrudModel->get_list()
#6 C:\xampp\htdocs\ci4\spj\app\Libraries\GroceryCrud.php(1345): App\Libraries\grocery_CRUD_Model_Driver->get_list()
#7 C:\xampp\htdocs\ci4\spj\app\Libraries\GroceryCrud.php(4304): App\Libraries\grocery_CRUD_Layout->showList(false, Object(stdClass))
#8 C:\xampp\htdocs\ci4\spj\app\Controllers\Pelaporan.php(98): App\Libraries\GroceryCrud->render()
#9 C:\xampp\htdocs\ci4\spj\vendor\codeigniter4\framework\system\CodeIgniter.php(933): App\Controllers\Pelaporan->data()
#10 C:\xampp\htdocs\ci4\spj\vendor\codeigniter4\framework\system\CodeIgniter.php(507): CodeIgniter\CodeIgniter->runController(Object(App\Controllers\Pelaporan))
#11 C:\xampp\htdocs\ci4\spj\vendor\codeigniter4\framework\system\CodeIgniter.php(354): CodeIgniter\CodeIgniter->handleRequest(NULL, Object(Config\Cache), false)
#12 C:\xampp\htdocs\ci4\spj\vendor\codeigniter4\framework\system\Boot.php(334): CodeIgniter\CodeIgniter->run()
#13 C:\xampp\htdocs\ci4\spj\vendor\codeigniter4\framework\system\Boot.php(67): CodeIgniter\Boot::runCodeIgniter(Object(CodeIgniter\CodeIgniter))
#14 C:\xampp\htdocs\ci4\spj\public\index.php(59): CodeIgniter\Boot::bootWeb(Object(Config\Paths))
#15 C:\xampp\htdocs\ci4\spj\vendor\codeigniter4\framework\system\rewrite.php(44): require_once('C:\\xampp\\htdocs...')
#16 {main}
CRITICAL - 2025-07-20 20:22:04 --> CodeIgniter\Database\Exceptions\DatabaseException: Column 'id_kecamatan' in where clause is ambiguous
[Method: GET, Route: pelaporan/data]
in SYSTEMPATH\Database\BaseConnection.php on line 692.
 1 SYSTEMPATH\Database\BaseBuilder.php(1649): CodeIgniter\Database\BaseConnection->query('SELECT `t_pembukuan`.*, CONCAT(\'\',COALESCE(jdb23e2ab.keterangan, \'\'),\'\') as sdb23e2ab
FROM `t_pembukuan`
LEFT JOIN `t_kuitansi` as `jdb23e2ab` ON `jdb23e2ab`.`id_kuitansi` = `t_pembukuan`.`id_kuitansi`
WHERE `id_kecamatan` = :id_kecamatan:
 LIMIT 10', [...], false)
 2 APPPATH\Models\GroceryCrudModel.php(89): CodeIgniter\Database\BaseBuilder->get()
 3 APPPATH\Libraries\GroceryCrud.php(1228): App\Models\GroceryCrudModel->get_list()
 4 APPPATH\Libraries\GroceryCrud.php(1345): App\Libraries\grocery_CRUD_Model_Driver->get_list()
 5 APPPATH\Libraries\GroceryCrud.php(4304): App\Libraries\grocery_CRUD_Layout->showList(false, Object(stdClass))
 6 APPPATH\Controllers\Pelaporan.php(98): App\Libraries\GroceryCrud->render()
 7 SYSTEMPATH\CodeIgniter.php(933): App\Controllers\Pelaporan->data()
 8 SYSTEMPATH\CodeIgniter.php(507): CodeIgniter\CodeIgniter->runController(Object(App\Controllers\Pelaporan))
 9 SYSTEMPATH\CodeIgniter.php(354): CodeIgniter\CodeIgniter->handleRequest(null, Object(Config\Cache), false)
10 SYSTEMPATH\Boot.php(334): CodeIgniter\CodeIgniter->run()
11 SYSTEMPATH\Boot.php(67): CodeIgniter\Boot::runCodeIgniter(Object(CodeIgniter\CodeIgniter))
12 FCPATH\index.php(59): CodeIgniter\Boot::bootWeb(Object(Config\Paths))
13 SYSTEMPATH\rewrite.php(44): require_once('C:\\xampp\\htdocs\\ci4\\spj\\public\\index.php')
CRITICAL - 2025-07-20 20:22:04 --> [Caused by] CodeIgniter\Database\Exceptions\DatabaseException: Column 'id_kecamatan' in where clause is ambiguous
in SYSTEMPATH\Database\MySQLi\Connection.php on line 332.
 1 SYSTEMPATH\Database\BaseConnection.php(738): CodeIgniter\Database\MySQLi\Connection->execute('SELECT `t_pembukuan`.*, CONCAT(\'\',COALESCE(jdb23e2ab.keterangan, \'\'),\'\') as sdb23e2ab
FROM `t_pembukuan`
LEFT JOIN `t_kuitansi` as `jdb23e2ab` ON `jdb23e2ab`.`id_kuitansi` = `t_pembukuan`.`id_kuitansi`
WHERE `id_kecamatan` = \'2\'
 LIMIT 10')
 2 SYSTEMPATH\Database\BaseConnection.php(652): CodeIgniter\Database\BaseConnection->simpleQuery('SELECT `t_pembukuan`.*, CONCAT(\'\',COALESCE(jdb23e2ab.keterangan, \'\'),\'\') as sdb23e2ab
FROM `t_pembukuan`
LEFT JOIN `t_kuitansi` as `jdb23e2ab` ON `jdb23e2ab`.`id_kuitansi` = `t_pembukuan`.`id_kuitansi`
WHERE `id_kecamatan` = \'2\'
 LIMIT 10')
 3 SYSTEMPATH\Database\BaseBuilder.php(1649): CodeIgniter\Database\BaseConnection->query('SELECT `t_pembukuan`.*, CONCAT(\'\',COALESCE(jdb23e2ab.keterangan, \'\'),\'\') as sdb23e2ab
FROM `t_pembukuan`
LEFT JOIN `t_kuitansi` as `jdb23e2ab` ON `jdb23e2ab`.`id_kuitansi` = `t_pembukuan`.`id_kuitansi`
WHERE `id_kecamatan` = :id_kecamatan:
 LIMIT 10', [...], false)
 4 APPPATH\Models\GroceryCrudModel.php(89): CodeIgniter\Database\BaseBuilder->get()
 5 APPPATH\Libraries\GroceryCrud.php(1228): App\Models\GroceryCrudModel->get_list()
 6 APPPATH\Libraries\GroceryCrud.php(1345): App\Libraries\grocery_CRUD_Model_Driver->get_list()
 7 APPPATH\Libraries\GroceryCrud.php(4304): App\Libraries\grocery_CRUD_Layout->showList(false, Object(stdClass))
 8 APPPATH\Controllers\Pelaporan.php(98): App\Libraries\GroceryCrud->render()
 9 SYSTEMPATH\CodeIgniter.php(933): App\Controllers\Pelaporan->data()
10 SYSTEMPATH\CodeIgniter.php(507): CodeIgniter\CodeIgniter->runController(Object(App\Controllers\Pelaporan))
11 SYSTEMPATH\CodeIgniter.php(354): CodeIgniter\CodeIgniter->handleRequest(null, Object(Config\Cache), false)
12 SYSTEMPATH\Boot.php(334): CodeIgniter\CodeIgniter->run()
13 SYSTEMPATH\Boot.php(67): CodeIgniter\Boot::runCodeIgniter(Object(CodeIgniter\CodeIgniter))
14 FCPATH\index.php(59): CodeIgniter\Boot::bootWeb(Object(Config\Paths))
15 SYSTEMPATH\rewrite.php(44): require_once('C:\\xampp\\htdocs\\ci4\\spj\\public\\index.php')
CRITICAL - 2025-07-20 20:22:04 --> [Caused by] mysqli_sql_exception: Column 'id_kecamatan' in where clause is ambiguous
in SYSTEMPATH\Database\MySQLi\Connection.php on line 327.
 1 SYSTEMPATH\Database\MySQLi\Connection.php(327): mysqli->query('SELECT `t_pembukuan`.*, CONCAT(\'\',COALESCE(jdb23e2ab.keterangan, \'\'),\'\') as sdb23e2ab
FROM `t_pembukuan`
LEFT JOIN `t_kuitansi` as `jdb23e2ab` ON `jdb23e2ab`.`id_kuitansi` = `t_pembukuan`.`id_kuitansi`
WHERE `id_kecamatan` = \'2\'
 LIMIT 10', 0)
 2 SYSTEMPATH\Database\BaseConnection.php(738): CodeIgniter\Database\MySQLi\Connection->execute('SELECT `t_pembukuan`.*, CONCAT(\'\',COALESCE(jdb23e2ab.keterangan, \'\'),\'\') as sdb23e2ab
FROM `t_pembukuan`
LEFT JOIN `t_kuitansi` as `jdb23e2ab` ON `jdb23e2ab`.`id_kuitansi` = `t_pembukuan`.`id_kuitansi`
WHERE `id_kecamatan` = \'2\'
 LIMIT 10')
 3 SYSTEMPATH\Database\BaseConnection.php(652): CodeIgniter\Database\BaseConnection->simpleQuery('SELECT `t_pembukuan`.*, CONCAT(\'\',COALESCE(jdb23e2ab.keterangan, \'\'),\'\') as sdb23e2ab
FROM `t_pembukuan`
LEFT JOIN `t_kuitansi` as `jdb23e2ab` ON `jdb23e2ab`.`id_kuitansi` = `t_pembukuan`.`id_kuitansi`
WHERE `id_kecamatan` = \'2\'
 LIMIT 10')
 4 SYSTEMPATH\Database\BaseBuilder.php(1649): CodeIgniter\Database\BaseConnection->query('SELECT `t_pembukuan`.*, CONCAT(\'\',COALESCE(jdb23e2ab.keterangan, \'\'),\'\') as sdb23e2ab
FROM `t_pembukuan`
LEFT JOIN `t_kuitansi` as `jdb23e2ab` ON `jdb23e2ab`.`id_kuitansi` = `t_pembukuan`.`id_kuitansi`
WHERE `id_kecamatan` = :id_kecamatan:
 LIMIT 10', [...], false)
 5 APPPATH\Models\GroceryCrudModel.php(89): CodeIgniter\Database\BaseBuilder->get()
 6 APPPATH\Libraries\GroceryCrud.php(1228): App\Models\GroceryCrudModel->get_list()
 7 APPPATH\Libraries\GroceryCrud.php(1345): App\Libraries\grocery_CRUD_Model_Driver->get_list()
 8 APPPATH\Libraries\GroceryCrud.php(4304): App\Libraries\grocery_CRUD_Layout->showList(false, Object(stdClass))
 9 APPPATH\Controllers\Pelaporan.php(98): App\Libraries\GroceryCrud->render()
10 SYSTEMPATH\CodeIgniter.php(933): App\Controllers\Pelaporan->data()
11 SYSTEMPATH\CodeIgniter.php(507): CodeIgniter\CodeIgniter->runController(Object(App\Controllers\Pelaporan))
12 SYSTEMPATH\CodeIgniter.php(354): CodeIgniter\CodeIgniter->handleRequest(null, Object(Config\Cache), false)
13 SYSTEMPATH\Boot.php(334): CodeIgniter\CodeIgniter->run()
14 SYSTEMPATH\Boot.php(67): CodeIgniter\Boot::runCodeIgniter(Object(CodeIgniter\CodeIgniter))
15 FCPATH\index.php(59): CodeIgniter\Boot::bootWeb(Object(Config\Paths))
16 SYSTEMPATH\rewrite.php(44): require_once('C:\\xampp\\htdocs\\ci4\\spj\\public\\index.php')
ERROR - 2025-07-20 20:23:01 --> mysqli_sql_exception: Unknown column 't_kuitansi.id_kecamatan' in 'where clause' in C:\xampp\htdocs\ci4\spj\vendor\codeigniter4\framework\system\Database\MySQLi\Connection.php:327
Stack trace:
#0 C:\xampp\htdocs\ci4\spj\vendor\codeigniter4\framework\system\Database\MySQLi\Connection.php(327): mysqli->query('SELECT `t_pembu...', 0)
#1 C:\xampp\htdocs\ci4\spj\vendor\codeigniter4\framework\system\Database\BaseConnection.php(738): CodeIgniter\Database\MySQLi\Connection->execute('SELECT `t_pembu...')
#2 C:\xampp\htdocs\ci4\spj\vendor\codeigniter4\framework\system\Database\BaseConnection.php(652): CodeIgniter\Database\BaseConnection->simpleQuery('SELECT `t_pembu...')
#3 C:\xampp\htdocs\ci4\spj\vendor\codeigniter4\framework\system\Database\BaseBuilder.php(1649): CodeIgniter\Database\BaseConnection->query('SELECT `t_pembu...', Array, false)
#4 C:\xampp\htdocs\ci4\spj\app\Models\GroceryCrudModel.php(89): CodeIgniter\Database\BaseBuilder->get()
#5 C:\xampp\htdocs\ci4\spj\app\Libraries\GroceryCrud.php(1228): App\Models\GroceryCrudModel->get_list()
#6 C:\xampp\htdocs\ci4\spj\app\Libraries\GroceryCrud.php(1345): App\Libraries\grocery_CRUD_Model_Driver->get_list()
#7 C:\xampp\htdocs\ci4\spj\app\Libraries\GroceryCrud.php(4304): App\Libraries\grocery_CRUD_Layout->showList(false, Object(stdClass))
#8 C:\xampp\htdocs\ci4\spj\app\Controllers\Pelaporan.php(98): App\Libraries\GroceryCrud->render()
#9 C:\xampp\htdocs\ci4\spj\vendor\codeigniter4\framework\system\CodeIgniter.php(933): App\Controllers\Pelaporan->data()
#10 C:\xampp\htdocs\ci4\spj\vendor\codeigniter4\framework\system\CodeIgniter.php(507): CodeIgniter\CodeIgniter->runController(Object(App\Controllers\Pelaporan))
#11 C:\xampp\htdocs\ci4\spj\vendor\codeigniter4\framework\system\CodeIgniter.php(354): CodeIgniter\CodeIgniter->handleRequest(NULL, Object(Config\Cache), false)
#12 C:\xampp\htdocs\ci4\spj\vendor\codeigniter4\framework\system\Boot.php(334): CodeIgniter\CodeIgniter->run()
#13 C:\xampp\htdocs\ci4\spj\vendor\codeigniter4\framework\system\Boot.php(67): CodeIgniter\Boot::runCodeIgniter(Object(CodeIgniter\CodeIgniter))
#14 C:\xampp\htdocs\ci4\spj\public\index.php(59): CodeIgniter\Boot::bootWeb(Object(Config\Paths))
#15 C:\xampp\htdocs\ci4\spj\vendor\codeigniter4\framework\system\rewrite.php(44): require_once('C:\\xampp\\htdocs...')
#16 {main}
CRITICAL - 2025-07-20 20:23:01 --> CodeIgniter\Database\Exceptions\DatabaseException: Unknown column 't_kuitansi.id_kecamatan' in 'where clause'
[Method: GET, Route: pelaporan/data]
in SYSTEMPATH\Database\BaseConnection.php on line 692.
 1 SYSTEMPATH\Database\BaseBuilder.php(1649): CodeIgniter\Database\BaseConnection->query('SELECT `t_pembukuan`.*, CONCAT(\'\',COALESCE(jdb23e2ab.keterangan, \'\'),\'\') as sdb23e2ab
FROM `t_pembukuan`
LEFT JOIN `t_kuitansi` as `jdb23e2ab` ON `jdb23e2ab`.`id_kuitansi` = `t_pembukuan`.`id_kuitansi`
WHERE `t_kuitansi`.`id_kecamatan` = :t_kuitansi.id_kecamatan:
 LIMIT 10', [...], false)
 2 APPPATH\Models\GroceryCrudModel.php(89): CodeIgniter\Database\BaseBuilder->get()
 3 APPPATH\Libraries\GroceryCrud.php(1228): App\Models\GroceryCrudModel->get_list()
 4 APPPATH\Libraries\GroceryCrud.php(1345): App\Libraries\grocery_CRUD_Model_Driver->get_list()
 5 APPPATH\Libraries\GroceryCrud.php(4304): App\Libraries\grocery_CRUD_Layout->showList(false, Object(stdClass))
 6 APPPATH\Controllers\Pelaporan.php(98): App\Libraries\GroceryCrud->render()
 7 SYSTEMPATH\CodeIgniter.php(933): App\Controllers\Pelaporan->data()
 8 SYSTEMPATH\CodeIgniter.php(507): CodeIgniter\CodeIgniter->runController(Object(App\Controllers\Pelaporan))
 9 SYSTEMPATH\CodeIgniter.php(354): CodeIgniter\CodeIgniter->handleRequest(null, Object(Config\Cache), false)
10 SYSTEMPATH\Boot.php(334): CodeIgniter\CodeIgniter->run()
11 SYSTEMPATH\Boot.php(67): CodeIgniter\Boot::runCodeIgniter(Object(CodeIgniter\CodeIgniter))
12 FCPATH\index.php(59): CodeIgniter\Boot::bootWeb(Object(Config\Paths))
13 SYSTEMPATH\rewrite.php(44): require_once('C:\\xampp\\htdocs\\ci4\\spj\\public\\index.php')
CRITICAL - 2025-07-20 20:23:01 --> [Caused by] CodeIgniter\Database\Exceptions\DatabaseException: Unknown column 't_kuitansi.id_kecamatan' in 'where clause'
in SYSTEMPATH\Database\MySQLi\Connection.php on line 332.
 1 SYSTEMPATH\Database\BaseConnection.php(738): CodeIgniter\Database\MySQLi\Connection->execute('SELECT `t_pembukuan`.*, CONCAT(\'\',COALESCE(jdb23e2ab.keterangan, \'\'),\'\') as sdb23e2ab
FROM `t_pembukuan`
LEFT JOIN `t_kuitansi` as `jdb23e2ab` ON `jdb23e2ab`.`id_kuitansi` = `t_pembukuan`.`id_kuitansi`
WHERE `t_kuitansi`.`id_kecamatan` = \'2\'
 LIMIT 10')
 2 SYSTEMPATH\Database\BaseConnection.php(652): CodeIgniter\Database\BaseConnection->simpleQuery('SELECT `t_pembukuan`.*, CONCAT(\'\',COALESCE(jdb23e2ab.keterangan, \'\'),\'\') as sdb23e2ab
FROM `t_pembukuan`
LEFT JOIN `t_kuitansi` as `jdb23e2ab` ON `jdb23e2ab`.`id_kuitansi` = `t_pembukuan`.`id_kuitansi`
WHERE `t_kuitansi`.`id_kecamatan` = \'2\'
 LIMIT 10')
 3 SYSTEMPATH\Database\BaseBuilder.php(1649): CodeIgniter\Database\BaseConnection->query('SELECT `t_pembukuan`.*, CONCAT(\'\',COALESCE(jdb23e2ab.keterangan, \'\'),\'\') as sdb23e2ab
FROM `t_pembukuan`
LEFT JOIN `t_kuitansi` as `jdb23e2ab` ON `jdb23e2ab`.`id_kuitansi` = `t_pembukuan`.`id_kuitansi`
WHERE `t_kuitansi`.`id_kecamatan` = :t_kuitansi.id_kecamatan:
 LIMIT 10', [...], false)
 4 APPPATH\Models\GroceryCrudModel.php(89): CodeIgniter\Database\BaseBuilder->get()
 5 APPPATH\Libraries\GroceryCrud.php(1228): App\Models\GroceryCrudModel->get_list()
 6 APPPATH\Libraries\GroceryCrud.php(1345): App\Libraries\grocery_CRUD_Model_Driver->get_list()
 7 APPPATH\Libraries\GroceryCrud.php(4304): App\Libraries\grocery_CRUD_Layout->showList(false, Object(stdClass))
 8 APPPATH\Controllers\Pelaporan.php(98): App\Libraries\GroceryCrud->render()
 9 SYSTEMPATH\CodeIgniter.php(933): App\Controllers\Pelaporan->data()
10 SYSTEMPATH\CodeIgniter.php(507): CodeIgniter\CodeIgniter->runController(Object(App\Controllers\Pelaporan))
11 SYSTEMPATH\CodeIgniter.php(354): CodeIgniter\CodeIgniter->handleRequest(null, Object(Config\Cache), false)
12 SYSTEMPATH\Boot.php(334): CodeIgniter\CodeIgniter->run()
13 SYSTEMPATH\Boot.php(67): CodeIgniter\Boot::runCodeIgniter(Object(CodeIgniter\CodeIgniter))
14 FCPATH\index.php(59): CodeIgniter\Boot::bootWeb(Object(Config\Paths))
15 SYSTEMPATH\rewrite.php(44): require_once('C:\\xampp\\htdocs\\ci4\\spj\\public\\index.php')
CRITICAL - 2025-07-20 20:23:01 --> [Caused by] mysqli_sql_exception: Unknown column 't_kuitansi.id_kecamatan' in 'where clause'
in SYSTEMPATH\Database\MySQLi\Connection.php on line 327.
 1 SYSTEMPATH\Database\MySQLi\Connection.php(327): mysqli->query('SELECT `t_pembukuan`.*, CONCAT(\'\',COALESCE(jdb23e2ab.keterangan, \'\'),\'\') as sdb23e2ab
FROM `t_pembukuan`
LEFT JOIN `t_kuitansi` as `jdb23e2ab` ON `jdb23e2ab`.`id_kuitansi` = `t_pembukuan`.`id_kuitansi`
WHERE `t_kuitansi`.`id_kecamatan` = \'2\'
 LIMIT 10', 0)
 2 SYSTEMPATH\Database\BaseConnection.php(738): CodeIgniter\Database\MySQLi\Connection->execute('SELECT `t_pembukuan`.*, CONCAT(\'\',COALESCE(jdb23e2ab.keterangan, \'\'),\'\') as sdb23e2ab
FROM `t_pembukuan`
LEFT JOIN `t_kuitansi` as `jdb23e2ab` ON `jdb23e2ab`.`id_kuitansi` = `t_pembukuan`.`id_kuitansi`
WHERE `t_kuitansi`.`id_kecamatan` = \'2\'
 LIMIT 10')
 3 SYSTEMPATH\Database\BaseConnection.php(652): CodeIgniter\Database\BaseConnection->simpleQuery('SELECT `t_pembukuan`.*, CONCAT(\'\',COALESCE(jdb23e2ab.keterangan, \'\'),\'\') as sdb23e2ab
FROM `t_pembukuan`
LEFT JOIN `t_kuitansi` as `jdb23e2ab` ON `jdb23e2ab`.`id_kuitansi` = `t_pembukuan`.`id_kuitansi`
WHERE `t_kuitansi`.`id_kecamatan` = \'2\'
 LIMIT 10')
 4 SYSTEMPATH\Database\BaseBuilder.php(1649): CodeIgniter\Database\BaseConnection->query('SELECT `t_pembukuan`.*, CONCAT(\'\',COALESCE(jdb23e2ab.keterangan, \'\'),\'\') as sdb23e2ab
FROM `t_pembukuan`
LEFT JOIN `t_kuitansi` as `jdb23e2ab` ON `jdb23e2ab`.`id_kuitansi` = `t_pembukuan`.`id_kuitansi`
WHERE `t_kuitansi`.`id_kecamatan` = :t_kuitansi.id_kecamatan:
 LIMIT 10', [...], false)
 5 APPPATH\Models\GroceryCrudModel.php(89): CodeIgniter\Database\BaseBuilder->get()
 6 APPPATH\Libraries\GroceryCrud.php(1228): App\Models\GroceryCrudModel->get_list()
 7 APPPATH\Libraries\GroceryCrud.php(1345): App\Libraries\grocery_CRUD_Model_Driver->get_list()
 8 APPPATH\Libraries\GroceryCrud.php(4304): App\Libraries\grocery_CRUD_Layout->showList(false, Object(stdClass))
 9 APPPATH\Controllers\Pelaporan.php(98): App\Libraries\GroceryCrud->render()
10 SYSTEMPATH\CodeIgniter.php(933): App\Controllers\Pelaporan->data()
11 SYSTEMPATH\CodeIgniter.php(507): CodeIgniter\CodeIgniter->runController(Object(App\Controllers\Pelaporan))
12 SYSTEMPATH\CodeIgniter.php(354): CodeIgniter\CodeIgniter->handleRequest(null, Object(Config\Cache), false)
13 SYSTEMPATH\Boot.php(334): CodeIgniter\CodeIgniter->run()
14 SYSTEMPATH\Boot.php(67): CodeIgniter\Boot::runCodeIgniter(Object(CodeIgniter\CodeIgniter))
15 FCPATH\index.php(59): CodeIgniter\Boot::bootWeb(Object(Config\Paths))
16 SYSTEMPATH\rewrite.php(44): require_once('C:\\xampp\\htdocs\\ci4\\spj\\public\\index.php')
