CRITICAL - 2025-07-13 01:00:24 --> ErrorException: Undefined property: stdClass::$field_values
[Method: GET, Route: rab/datarab/export]
in APPPATH\Libraries\GroceryCrud.php on line 1461.
 1 APPPATH\Libraries\GroceryCrud.php(1461): CodeIgniter\Debug\Exceptions->errorHandler(2, 'Undefined property: stdClass::$field_values', 'C:\\xampp\\htdocs\\ci4\\spj\\app\\Libraries\\GroceryCrud.php', 1461)
 2 APPPATH\Libraries\GroceryCrud.php(1426): App\Libraries\grocery_CRUD_Layout->_export_to_excel(Object(stdClass))
 3 APPPATH\Libraries\GroceryCrud.php(4411): App\Libraries\grocery_CRUD_Layout->exportToExcel(Object(stdClass))
 4 APPPATH\Controllers\Rab.php(91): App\Libraries\GroceryCrud->render()
 5 SYSTEMPATH\CodeIgniter.php(933): App\Controllers\Rab->datarab('export')
 6 SYSTEMPATH\CodeIgniter.php(507): CodeIgniter\CodeIgniter->runController(Object(App\Controllers\Rab))
 7 SYSTEMPATH\CodeIgniter.php(354): CodeIgniter\CodeIgniter->handleRequest(null, Object(Config\Cache), false)
 8 SYSTEMPATH\Boot.php(334): CodeIgniter\CodeIgniter->run()
 9 SYSTEMPATH\Boot.php(67): CodeIgniter\Boot::runCodeIgniter(Object(CodeIgniter\CodeIgniter))
10 FCPATH\index.php(59): CodeIgniter\Boot::bootWeb(Object(Config\Paths))
11 SYSTEMPATH\rewrite.php(44): require_once('C:\\xampp\\htdocs\\ci4\\spj\\public\\index.php')
CRITICAL - 2025-07-13 01:00:29 --> ErrorException: Undefined property: stdClass::$field_values
[Method: GET, Route: rab/datarab/export]
in APPPATH\Libraries\GroceryCrud.php on line 1461.
 1 APPPATH\Libraries\GroceryCrud.php(1461): CodeIgniter\Debug\Exceptions->errorHandler(2, 'Undefined property: stdClass::$field_values', 'C:\\xampp\\htdocs\\ci4\\spj\\app\\Libraries\\GroceryCrud.php', 1461)
 2 APPPATH\Libraries\GroceryCrud.php(1426): App\Libraries\grocery_CRUD_Layout->_export_to_excel(Object(stdClass))
 3 APPPATH\Libraries\GroceryCrud.php(4411): App\Libraries\grocery_CRUD_Layout->exportToExcel(Object(stdClass))
 4 APPPATH\Controllers\Rab.php(91): App\Libraries\GroceryCrud->render()
 5 SYSTEMPATH\CodeIgniter.php(933): App\Controllers\Rab->datarab('export')
 6 SYSTEMPATH\CodeIgniter.php(507): CodeIgniter\CodeIgniter->runController(Object(App\Controllers\Rab))
 7 SYSTEMPATH\CodeIgniter.php(354): CodeIgniter\CodeIgniter->handleRequest(null, Object(Config\Cache), false)
 8 SYSTEMPATH\Boot.php(334): CodeIgniter\CodeIgniter->run()
 9 SYSTEMPATH\Boot.php(67): CodeIgniter\Boot::runCodeIgniter(Object(CodeIgniter\CodeIgniter))
10 FCPATH\index.php(59): CodeIgniter\Boot::bootWeb(Object(Config\Paths))
11 SYSTEMPATH\rewrite.php(44): require_once('C:\\xampp\\htdocs\\ci4\\spj\\public\\index.php')
